Using pre-set license
Built from '2021.3/staging' branch; Version is '2021.3.13f1 (9e7d58001ecf) revision 10386776'; Using compiler version '192829333'; Build Type 'Release'
OS: 'Windows 10  (10.0.19042) 64bit Core' Language: 'ru' Physical Memory: 15716 MB
BatchMode: 1, IsHumanControllingUs: 0, StartBugReporterOnCrash: 0, Is64bit: 1, IsPro: 1

COMMAND LINE ARGUMENTS:
D:\Unity Editors\2021.3.13f1\Editor\Unity.exe
-adb2
-batchMode
-noUpm
-name
AssetImportWorker0
-projectPath
D:/Unity Projects/Pong
-logFile
Logs/AssetImportWorker0.log
-srvPort
51974
Successfully changed project path to: D:/Unity Projects/Pong
D:/Unity Projects/Pong
[UnityMemory] Configuration Parameters - Can be set up in boot.config
    "memorysetup-bucket-allocator-granularity=16"
    "memorysetup-bucket-allocator-bucket-count=8"
    "memorysetup-bucket-allocator-block-size=33554432"
    "memorysetup-bucket-allocator-block-count=8"
    "memorysetup-main-allocator-block-size=16777216"
    "memorysetup-thread-allocator-block-size=16777216"
    "memorysetup-gfx-main-allocator-block-size=16777216"
    "memorysetup-gfx-thread-allocator-block-size=16777216"
    "memorysetup-cache-allocator-block-size=4194304"
    "memorysetup-typetree-allocator-block-size=2097152"
    "memorysetup-profiler-bucket-allocator-granularity=16"
    "memorysetup-profiler-bucket-allocator-bucket-count=8"
    "memorysetup-profiler-bucket-allocator-block-size=33554432"
    "memorysetup-profiler-bucket-allocator-block-count=8"
    "memorysetup-profiler-allocator-block-size=16777216"
    "memorysetup-profiler-editor-allocator-block-size=1048576"
    "memorysetup-temp-allocator-size-main=16777216"
    "memorysetup-job-temp-allocator-block-size=2097152"
    "memorysetup-job-temp-allocator-block-size-background=1048576"
    "memorysetup-job-temp-allocator-reduction-small-platforms=262144"
    "memorysetup-temp-allocator-size-background-worker=32768"
    "memorysetup-temp-allocator-size-job-worker=262144"
    "memorysetup-temp-allocator-size-preload-manager=33554432"
    "memorysetup-temp-allocator-size-nav-mesh-worker=65536"
    "memorysetup-temp-allocator-size-audio-worker=65536"
    "memorysetup-temp-allocator-size-cloud-worker=32768"
    "memorysetup-temp-allocator-size-gi-baking-worker=262144"
    "memorysetup-temp-allocator-size-gfx=262144"
Refreshing native plugins compatible for Editor in 72.37 ms, found 4 plugins.
Preloading 0 native plugins for Editor in 0.00 ms.
Initialize engine version: 2021.3.13f1 (9e7d58001ecf)
[Subsystems] Discovering subsystems at path D:/Unity Editors/2021.3.13f1/Editor/Data/Resources/UnitySubsystems
[Subsystems] Discovering subsystems at path D:/Unity Projects/Pong/Assets
GfxDevice: creating device client; threaded=0; jobified=0
Direct3D:
    Version:  Direct3D 11.0 [level 11.1]
    Renderer: NVIDIA GeForce RTX 3050 Ti Laptop GPU (ID=0x25a0)
    Vendor:   NVIDIA
    VRAM:     3976 MB
    Driver:   31.0.15.2686
Initialize mono
Mono path[0] = 'D:/Unity Editors/2021.3.13f1/Editor/Data/Managed'
Mono path[1] = 'D:/Unity Editors/2021.3.13f1/Editor/Data/MonoBleedingEdge/lib/mono/unityjit-win32'
Mono config path = 'D:/Unity Editors/2021.3.13f1/Editor/Data/MonoBleedingEdge/etc'
Using monoOptions --debugger-agent=transport=dt_socket,embedding=1,server=y,suspend=n,address=127.0.0.1:56896
Begin MonoManager ReloadAssembly
Registering precompiled unity dll's ...
Register platform support module: D:/Unity Editors/2021.3.13f1/Editor/Data/PlaybackEngines/WebGLSupport/UnityEditor.WebGL.Extensions.dll
Register platform support module: D:/Unity Editors/2021.3.13f1/Editor/Data/PlaybackEngines/WindowsStandaloneSupport/UnityEditor.WindowsStandalone.Extensions.dll
Registered in 0.002074 seconds.
Native extension for WindowsStandalone target not found
Native extension for WebGL target not found
Refreshing native plugins compatible for Editor in 70.26 ms, found 4 plugins.
Preloading 0 native plugins for Editor in 0.00 ms.
Mono: successfully reloaded assembly
- Completed reload, in  0.488 seconds
Domain Reload Profiling:
	ReloadAssembly (488ms)
		BeginReloadAssembly (53ms)
			ExecutionOrderSort (0ms)
			DisableScriptedObjects (0ms)
			BackupInstance (0ms)
			ReleaseScriptingObjects (0ms)
			CreateAndSetChildDomain (1ms)
		EndReloadAssembly (358ms)
			LoadAssemblies (52ms)
			RebuildTransferFunctionScriptingTraits (0ms)
			SetupTypeCache (87ms)
			ReleaseScriptCaches (0ms)
			RebuildScriptCaches (20ms)
			SetupLoadedEditorAssemblies (211ms)
				LogAssemblyErrors (0ms)
				InitializePlatformSupportModulesInManaged (6ms)
				SetLoadedEditorAssemblies (0ms)
				RefreshPlugins (70ms)
				BeforeProcessingInitializeOnLoad (1ms)
				ProcessInitializeOnLoadAttributes (98ms)
				ProcessInitializeOnLoadMethodAttributes (35ms)
				AfterProcessingInitializeOnLoad (0ms)
				EditorAssembliesLoaded (0ms)
			ExecutionOrderSort2 (0ms)
			AwakeInstancesAfterBackupRestoration (0ms)
Platform modules already initialized, skipping
Registering precompiled user dll's ...
Registered in 0.003993 seconds.
Begin MonoManager ReloadAssembly
Symbol file LoadedFromMemory doesn't match image D:\Unity Projects\Pong\Library\PackageCache\com.unity.visualscripting@1.7.8\Editor\VisualScripting.Core\Dependencies\YamlDotNet\Unity.VisualScripting.YamlDotNet.dll
Symbol file LoadedFromMemory doesn't match image D:\Unity Projects\Pong\Library\PackageCache\com.unity.visualscripting@1.7.8\Editor\VisualScripting.Core\Dependencies\DotNetZip\Unity.VisualScripting.IonicZip.dll
Native extension for WindowsStandalone target not found
Native extension for WebGL target not found
Refreshing native plugins compatible for Editor in 69.89 ms, found 4 plugins.
Preloading 0 native plugins for Editor in 0.00 ms.
Mono: successfully reloaded assembly
- Completed reload, in  0.854 seconds
Domain Reload Profiling:
	ReloadAssembly (855ms)
		BeginReloadAssembly (88ms)
			ExecutionOrderSort (0ms)
			DisableScriptedObjects (5ms)
			BackupInstance (0ms)
			ReleaseScriptingObjects (0ms)
			CreateAndSetChildDomain (18ms)
		EndReloadAssembly (685ms)
			LoadAssemblies (65ms)
			RebuildTransferFunctionScriptingTraits (0ms)
			SetupTypeCache (182ms)
			ReleaseScriptCaches (1ms)
			RebuildScriptCaches (44ms)
			SetupLoadedEditorAssemblies (362ms)
				LogAssemblyErrors (0ms)
				InitializePlatformSupportModulesInManaged (4ms)
				SetLoadedEditorAssemblies (0ms)
				RefreshPlugins (70ms)
				BeforeProcessingInitializeOnLoad (72ms)
				ProcessInitializeOnLoadAttributes (174ms)
				ProcessInitializeOnLoadMethodAttributes (40ms)
				AfterProcessingInitializeOnLoad (2ms)
				EditorAssembliesLoaded (0ms)
			ExecutionOrderSort2 (0ms)
			AwakeInstancesAfterBackupRestoration (5ms)
Platform modules already initialized, skipping
========================================================================
Worker process is ready to serve import requests
Launched and connected shader compiler UnityShaderCompiler.exe after 0.04 seconds
Refreshing native plugins compatible for Editor in 0.82 ms, found 4 plugins.
Preloading 0 native plugins for Editor in 0.00 ms.
Unloading 4095 Unused Serialized files (Serialized files now loaded: 0)
Unloading 44 unused Assets / (229.0 KB). Loaded Objects now: 4546.
Memory consumption went from 154.0 MB to 153.8 MB.
Total: 3.069300 ms (FindLiveObjects: 0.285500 ms CreateObjectMapping: 0.112800 ms MarkObjects: 2.519300 ms  DeleteObjects: 0.150800 ms)

AssetImportParameters requested are different than current active one (requested -> active):
  custom:video-decoder-ogg-theora: a1e56fd34408186e4bbccfd4996cb3dc -> 
  custom:container-muxer-webm: aa71ff27fc2769a1b78a27578f13a17b -> 
  custom:container-demuxer-webm: 4f35f7cbe854078d1ac9338744f61a02 -> 
  custom:video-encoder-webm-vp8: eb34c28f22e8b96e1ab97ce403110664 -> 
  custom:audio-encoder-webm-vorbis: bf7c407c2cedff20999df2af8eb42d56 -> 
  custom:framework-win-MediaFoundation: 216162199b28c13a410421893ffa2e32 -> 
  custom:container-demuxer-ogg: 62fdf1f143b41e24485cea50d1cbac27 -> 
  custom:video-decoder-webm-vp8: 9c59270c3fd7afecdb556c50c9e8de78 -> 
  custom:audio-decoder-ogg-vorbis: bf7c407c2cedff20999df2af8eb42d56 -> 
========================================================================
Received Import Request.
  Time since last request: 35995.781664 seconds.
  path: Assets/Images/RunningDots.png
  artifactKey: Guid(ba6cc8f44598db049b92d1ef6abdc6b7) Importer(815301076,1909f56bfc062723c751e8b465ee728b)
Start importing Assets/Images/RunningDots.png using Guid(ba6cc8f44598db049b92d1ef6abdc6b7) Importer(815301076,1909f56bfc062723c751e8b465ee728b)  -> (artifact id: '6309a8615df1c450215c7f883df309d8') in 0.080583 seconds 
========================================================================
Received Import Request.
  Time since last request: 79.510042 seconds.
  path: Assets/Images/RunningDots.png
  artifactKey: Guid(ba6cc8f44598db049b92d1ef6abdc6b7) Importer(815301076,1909f56bfc062723c751e8b465ee728b)
Start importing Assets/Images/RunningDots.png using Guid(ba6cc8f44598db049b92d1ef6abdc6b7) Importer(815301076,1909f56bfc062723c751e8b465ee728b)  -> (artifact id: '3b9e8c71414509e1223a51b4402d7503') in 0.007990 seconds 
========================================================================
Received Import Request.
  Time since last request: 42.830418 seconds.
  path: Assets/Images/RunningDots.png
  artifactKey: Guid(ba6cc8f44598db049b92d1ef6abdc6b7) Importer(815301076,1909f56bfc062723c751e8b465ee728b)
Start importing Assets/Images/RunningDots.png using Guid(ba6cc8f44598db049b92d1ef6abdc6b7) Importer(815301076,1909f56bfc062723c751e8b465ee728b)  -> (artifact id: '15f6fd21f86585479a7a8d2096bd9fec') in 0.004288 seconds 
========================================================================
Received Import Request.
  Time since last request: 6.276665 seconds.
  path: Assets/Images/RunningDots.png
  artifactKey: Guid(ba6cc8f44598db049b92d1ef6abdc6b7) Importer(815301076,1909f56bfc062723c751e8b465ee728b)
Start importing Assets/Images/RunningDots.png using Guid(ba6cc8f44598db049b92d1ef6abdc6b7) Importer(815301076,1909f56bfc062723c751e8b465ee728b)  -> (artifact id: 'd83e748a3f6434213a7ff1a0f33c8061') in 0.026372 seconds 
========================================================================
Received Import Request.
  Time since last request: 31.142729 seconds.
  path: Assets/Images/RunningDots.png
  artifactKey: Guid(ba6cc8f44598db049b92d1ef6abdc6b7) Importer(815301076,1909f56bfc062723c751e8b465ee728b)
Start importing Assets/Images/RunningDots.png using Guid(ba6cc8f44598db049b92d1ef6abdc6b7) Importer(815301076,1909f56bfc062723c751e8b465ee728b)  -> (artifact id: 'ee2e71f3930d643552545ea76eb83f7b') in 0.022834 seconds 
========================================================================
Received Prepare
Registering precompiled user dll's ...
Registered in 0.003628 seconds.
Begin MonoManager ReloadAssembly
Symbol file LoadedFromMemory doesn't match image D:\Unity Projects\Pong\Library\PackageCache\com.unity.visualscripting@1.7.8\Editor\VisualScripting.Core\Dependencies\YamlDotNet\Unity.VisualScripting.YamlDotNet.dll
Symbol file LoadedFromMemory doesn't match image D:\Unity Projects\Pong\Library\PackageCache\com.unity.visualscripting@1.7.8\Editor\VisualScripting.Core\Dependencies\DotNetZip\Unity.VisualScripting.IonicZip.dll
Native extension for WindowsStandalone target not found
Native extension for WebGL target not found
Refreshing native plugins compatible for Editor in 0.62 ms, found 4 plugins.
Preloading 0 native plugins for Editor in 0.00 ms.
Mono: successfully reloaded assembly
- Completed reload, in  0.745 seconds
Domain Reload Profiling:
	ReloadAssembly (745ms)
		BeginReloadAssembly (101ms)
			ExecutionOrderSort (0ms)
			DisableScriptedObjects (6ms)
			BackupInstance (0ms)
			ReleaseScriptingObjects (0ms)
			CreateAndSetChildDomain (33ms)
		EndReloadAssembly (574ms)
			LoadAssemblies (57ms)
			RebuildTransferFunctionScriptingTraits (0ms)
			SetupTypeCache (192ms)
			ReleaseScriptCaches (1ms)
			RebuildScriptCaches (34ms)
			SetupLoadedEditorAssemblies (254ms)
				LogAssemblyErrors (0ms)
				InitializePlatformSupportModulesInManaged (10ms)
				SetLoadedEditorAssemblies (0ms)
				RefreshPlugins (1ms)
				BeforeProcessingInitializeOnLoad (53ms)
				ProcessInitializeOnLoadAttributes (152ms)
				ProcessInitializeOnLoadMethodAttributes (35ms)
				AfterProcessingInitializeOnLoad (2ms)
				EditorAssembliesLoaded (0ms)
			ExecutionOrderSort2 (0ms)
			AwakeInstancesAfterBackupRestoration (7ms)
Platform modules already initialized, skipping
Refreshing native plugins compatible for Editor in 1.70 ms, found 4 plugins.
Preloading 0 native plugins for Editor in 0.00 ms.
Unloading 4077 Unused Serialized files (Serialized files now loaded: 0)
Unloading 31 unused Assets / (195.7 KB). Loaded Objects now: 4565.
Memory consumption went from 157.0 MB to 156.8 MB.
Total: 3.147700 ms (FindLiveObjects: 0.260000 ms CreateObjectMapping: 0.093700 ms MarkObjects: 2.639800 ms  DeleteObjects: 0.152600 ms)

AssetImportParameters requested are different than current active one (requested -> active):
  custom:video-decoder-ogg-theora: a1e56fd34408186e4bbccfd4996cb3dc -> 
  custom:container-muxer-webm: aa71ff27fc2769a1b78a27578f13a17b -> 
  custom:container-demuxer-webm: 4f35f7cbe854078d1ac9338744f61a02 -> 
  custom:video-encoder-webm-vp8: eb34c28f22e8b96e1ab97ce403110664 -> 
  custom:audio-encoder-webm-vorbis: bf7c407c2cedff20999df2af8eb42d56 -> 
  custom:framework-win-MediaFoundation: 216162199b28c13a410421893ffa2e32 -> 
  custom:container-demuxer-ogg: 62fdf1f143b41e24485cea50d1cbac27 -> 
  custom:video-decoder-webm-vp8: 9c59270c3fd7afecdb556c50c9e8de78 -> 
  custom:audio-decoder-ogg-vorbis: bf7c407c2cedff20999df2af8eb42d56 -> 
========================================================================
Received Import Request.
  Time since last request: 643.155079 seconds.
  path: Assets/Images/Loading.png
  artifactKey: Guid(71065cd860ce4d942a11600058af44f3) Importer(815301076,1909f56bfc062723c751e8b465ee728b)
Start importing Assets/Images/Loading.png using Guid(71065cd860ce4d942a11600058af44f3) Importer(815301076,1909f56bfc062723c751e8b465ee728b)  -> (artifact id: '1ee501e5bd533b5d6c3a1437a9928425') in 0.064930 seconds 
========================================================================
Received Import Request.
  Time since last request: 8.366254 seconds.
  path: Assets/Images/Loading.png
  artifactKey: Guid(71065cd860ce4d942a11600058af44f3) Importer(815301076,1909f56bfc062723c751e8b465ee728b)
Start importing Assets/Images/Loading.png using Guid(71065cd860ce4d942a11600058af44f3) Importer(815301076,1909f56bfc062723c751e8b465ee728b)  -> (artifact id: 'f7dac0c429b43aba23163af403172214') in 0.011705 seconds 
========================================================================
Received Import Request.
  Time since last request: 22.238359 seconds.
  path: Assets/Images/Loading.png
  artifactKey: Guid(71065cd860ce4d942a11600058af44f3) Importer(815301076,1909f56bfc062723c751e8b465ee728b)
Start importing Assets/Images/Loading.png using Guid(71065cd860ce4d942a11600058af44f3) Importer(815301076,1909f56bfc062723c751e8b465ee728b)  -> (artifact id: '3d532fed6d69266b42fda3ad2a0f534f') in 0.009302 seconds 
========================================================================
Received Import Request.
  Time since last request: 36.233445 seconds.
  path: Assets/Images/Loading.png
  artifactKey: Guid(71065cd860ce4d942a11600058af44f3) Importer(815301076,1909f56bfc062723c751e8b465ee728b)
Start importing Assets/Images/Loading.png using Guid(71065cd860ce4d942a11600058af44f3) Importer(815301076,1909f56bfc062723c751e8b465ee728b)  -> (artifact id: 'dcaff840507bbb9c8fbefa4eea7fecad') in 0.014276 seconds 
========================================================================
Received Import Request.
  Time since last request: 6.174174 seconds.
  path: Assets/Images/Loading.png
  artifactKey: Guid(71065cd860ce4d942a11600058af44f3) Importer(815301076,1909f56bfc062723c751e8b465ee728b)
Start importing Assets/Images/Loading.png using Guid(71065cd860ce4d942a11600058af44f3) Importer(815301076,1909f56bfc062723c751e8b465ee728b)  -> (artifact id: 'd00989bfd575ce025a780e0210a028f6') in 0.014695 seconds 
========================================================================
Received Import Request.
  Time since last request: 7.285006 seconds.
  path: Assets/Images/Loading.png
  artifactKey: Guid(71065cd860ce4d942a11600058af44f3) Importer(815301076,1909f56bfc062723c751e8b465ee728b)
Start importing Assets/Images/Loading.png using Guid(71065cd860ce4d942a11600058af44f3) Importer(815301076,1909f56bfc062723c751e8b465ee728b)  -> (artifact id: '099a1e0ac10ec84e79e7388dc7da4133') in 0.013183 seconds 
========================================================================
Received Import Request.
  Time since last request: 3.533418 seconds.
  path: Assets/Images/Loading.png
  artifactKey: Guid(71065cd860ce4d942a11600058af44f3) Importer(815301076,1909f56bfc062723c751e8b465ee728b)
Start importing Assets/Images/Loading.png using Guid(71065cd860ce4d942a11600058af44f3) Importer(815301076,1909f56bfc062723c751e8b465ee728b)  -> (artifact id: '7a62489f5085d1f1a269a51254ba90dc') in 0.010922 seconds 
========================================================================
Received Import Request.
  Time since last request: 5.719959 seconds.
  path: Assets/Images/Loading.png
  artifactKey: Guid(71065cd860ce4d942a11600058af44f3) Importer(815301076,1909f56bfc062723c751e8b465ee728b)
Start importing Assets/Images/Loading.png using Guid(71065cd860ce4d942a11600058af44f3) Importer(815301076,1909f56bfc062723c751e8b465ee728b)  -> (artifact id: '87789be67cade136d31044a55bb68b1e') in 0.015625 seconds 
========================================================================
Received Import Request.
  Time since last request: 265.098160 seconds.
  path: Assets/Images/LoadingSprite
  artifactKey: Guid(83f8f5303a4ce744cb30838400adb7f1) Importer(815301076,1909f56bfc062723c751e8b465ee728b)
Start importing Assets/Images/LoadingSprite using Guid(83f8f5303a4ce744cb30838400adb7f1) Importer(815301076,1909f56bfc062723c751e8b465ee728b)  -> (artifact id: '1170fdc372e9b733b08f54163108b76c') in 0.004934 seconds 
========================================================================
Received Import Request.
  Time since last request: 349.331122 seconds.
  path: Assets/Images/Loading (2).png
  artifactKey: Guid(cb780a23229be3e4eb25fc90976d09ef) Importer(815301076,1909f56bfc062723c751e8b465ee728b)
Start importing Assets/Images/Loading (2).png using Guid(cb780a23229be3e4eb25fc90976d09ef) Importer(815301076,1909f56bfc062723c751e8b465ee728b)  -> (artifact id: '4afd85a5d5b58d18cb9eecbc6ead69cb') in 0.013450 seconds 
========================================================================
Received Import Request.
  Time since last request: 7.574092 seconds.
  path: Assets/Images/Loading (2).png
  artifactKey: Guid(cb780a23229be3e4eb25fc90976d09ef) Importer(815301076,1909f56bfc062723c751e8b465ee728b)
Start importing Assets/Images/Loading (2).png using Guid(cb780a23229be3e4eb25fc90976d09ef) Importer(815301076,1909f56bfc062723c751e8b465ee728b)  -> (artifact id: 'f3ba45f7ad8ba4f3dbb97bde30b71b02') in 0.010358 seconds 
========================================================================
Received Import Request.
  Time since last request: 110.297376 seconds.
  path: Assets/Images/LoadingDots.png
  artifactKey: Guid(eea87c03f98f35941a41d1035f3ff621) Importer(815301076,1909f56bfc062723c751e8b465ee728b)
Start importing Assets/Images/LoadingDots.png using Guid(eea87c03f98f35941a41d1035f3ff621) Importer(815301076,1909f56bfc062723c751e8b465ee728b)  -> (artifact id: '56ec6127c3b544a78049b6560866c658') in 0.012551 seconds 
========================================================================
Received Import Request.
  Time since last request: 15.170525 seconds.
  path: Assets/Images/LoadingDots.png
  artifactKey: Guid(eea87c03f98f35941a41d1035f3ff621) Importer(815301076,1909f56bfc062723c751e8b465ee728b)
Start importing Assets/Images/LoadingDots.png using Guid(eea87c03f98f35941a41d1035f3ff621) Importer(815301076,1909f56bfc062723c751e8b465ee728b)  -> (artifact id: '69bdf5abec5afcae34cb8cb4480191d1') in 0.009468 seconds 
========================================================================
Received Import Request.
  Time since last request: 92.685771 seconds.
  path: Assets/Images/LoadingDots (2).png
  artifactKey: Guid(29e3e851be1da3c40bd9723fc8aab668) Importer(815301076,1909f56bfc062723c751e8b465ee728b)
Start importing Assets/Images/LoadingDots (2).png using Guid(29e3e851be1da3c40bd9723fc8aab668) Importer(815301076,1909f56bfc062723c751e8b465ee728b)  -> (artifact id: '6539426b13764bc2fe2888fa5bcd93c8') in 0.013583 seconds 
========================================================================
Received Import Request.
  Time since last request: 15.397114 seconds.
  path: Assets/Images/LoadingDots (2).png
  artifactKey: Guid(29e3e851be1da3c40bd9723fc8aab668) Importer(815301076,1909f56bfc062723c751e8b465ee728b)
Start importing Assets/Images/LoadingDots (2).png using Guid(29e3e851be1da3c40bd9723fc8aab668) Importer(815301076,1909f56bfc062723c751e8b465ee728b)  -> (artifact id: '046d70c4b9d782326863cd3732ae4861') in 0.009361 seconds 
========================================================================
Received Import Request.
  Time since last request: 25.983132 seconds.
  path: Assets/Images/LoadingDots (2).png
  artifactKey: Guid(29e3e851be1da3c40bd9723fc8aab668) Importer(815301076,1909f56bfc062723c751e8b465ee728b)
Start importing Assets/Images/LoadingDots (2).png using Guid(29e3e851be1da3c40bd9723fc8aab668) Importer(815301076,1909f56bfc062723c751e8b465ee728b)  -> (artifact id: 'a54856bd2993dc7e6af084ac52aacf14') in 0.020259 seconds 
========================================================================
Received Import Request.
  Time since last request: 123.804918 seconds.
  path: Assets/Animations
  artifactKey: Guid(98edcd209a00d03419495a450e22695d) Importer(815301076,1909f56bfc062723c751e8b465ee728b)
Start importing Assets/Animations using Guid(98edcd209a00d03419495a450e22695d) Importer(815301076,1909f56bfc062723c751e8b465ee728b)  -> (artifact id: '1266dabff192010975a94944d06bedbc') in 0.004846 seconds 
========================================================================
Received Prepare
Registering precompiled user dll's ...
Registered in 0.003515 seconds.
Begin MonoManager ReloadAssembly
Symbol file LoadedFromMemory doesn't match image D:\Unity Projects\Pong\Library\PackageCache\com.unity.visualscripting@1.7.8\Editor\VisualScripting.Core\Dependencies\YamlDotNet\Unity.VisualScripting.YamlDotNet.dll
Symbol file LoadedFromMemory doesn't match image D:\Unity Projects\Pong\Library\PackageCache\com.unity.visualscripting@1.7.8\Editor\VisualScripting.Core\Dependencies\DotNetZip\Unity.VisualScripting.IonicZip.dll
Native extension for WindowsStandalone target not found
Native extension for WebGL target not found
Refreshing native plugins compatible for Editor in 0.80 ms, found 4 plugins.
Preloading 0 native plugins for Editor in 0.00 ms.
Mono: successfully reloaded assembly
- Completed reload, in  0.822 seconds
Domain Reload Profiling:
	ReloadAssembly (822ms)
		BeginReloadAssembly (109ms)
			ExecutionOrderSort (0ms)
			DisableScriptedObjects (6ms)
			BackupInstance (0ms)
			ReleaseScriptingObjects (0ms)
			CreateAndSetChildDomain (42ms)
		EndReloadAssembly (646ms)
			LoadAssemblies (59ms)
			RebuildTransferFunctionScriptingTraits (0ms)
			SetupTypeCache (200ms)
			ReleaseScriptCaches (1ms)
			RebuildScriptCaches (38ms)
			SetupLoadedEditorAssemblies (299ms)
				LogAssemblyErrors (0ms)
				InitializePlatformSupportModulesInManaged (11ms)
				SetLoadedEditorAssemblies (0ms)
				RefreshPlugins (1ms)
				BeforeProcessingInitializeOnLoad (60ms)
				ProcessInitializeOnLoadAttributes (181ms)
				ProcessInitializeOnLoadMethodAttributes (43ms)
				AfterProcessingInitializeOnLoad (3ms)
				EditorAssembliesLoaded (0ms)
			ExecutionOrderSort2 (0ms)
			AwakeInstancesAfterBackupRestoration (8ms)
Platform modules already initialized, skipping
Refreshing native plugins compatible for Editor in 2.24 ms, found 4 plugins.
Preloading 0 native plugins for Editor in 0.00 ms.
Unloading 4077 Unused Serialized files (Serialized files now loaded: 0)
Unloading 31 unused Assets / (195.6 KB). Loaded Objects now: 4575.
Memory consumption went from 157.0 MB to 156.8 MB.
Total: 3.792900 ms (FindLiveObjects: 0.356900 ms CreateObjectMapping: 0.235200 ms MarkObjects: 2.938000 ms  DeleteObjects: 0.261700 ms)

AssetImportParameters requested are different than current active one (requested -> active):
  custom:video-decoder-ogg-theora: a1e56fd34408186e4bbccfd4996cb3dc -> 
  custom:container-muxer-webm: aa71ff27fc2769a1b78a27578f13a17b -> 
  custom:container-demuxer-webm: 4f35f7cbe854078d1ac9338744f61a02 -> 
  custom:video-encoder-webm-vp8: eb34c28f22e8b96e1ab97ce403110664 -> 
  custom:audio-encoder-webm-vorbis: bf7c407c2cedff20999df2af8eb42d56 -> 
  custom:framework-win-MediaFoundation: 216162199b28c13a410421893ffa2e32 -> 
  custom:container-demuxer-ogg: 62fdf1f143b41e24485cea50d1cbac27 -> 
  custom:video-decoder-webm-vp8: 9c59270c3fd7afecdb556c50c9e8de78 -> 
  custom:audio-decoder-ogg-vorbis: bf7c407c2cedff20999df2af8eb42d56 -> 
========================================================================
Received Prepare
Registering precompiled user dll's ...
Registered in 0.003469 seconds.
Begin MonoManager ReloadAssembly
Symbol file LoadedFromMemory doesn't match image D:\Unity Projects\Pong\Library\PackageCache\com.unity.visualscripting@1.7.8\Editor\VisualScripting.Core\Dependencies\YamlDotNet\Unity.VisualScripting.YamlDotNet.dll
Symbol file LoadedFromMemory doesn't match image D:\Unity Projects\Pong\Library\PackageCache\com.unity.visualscripting@1.7.8\Editor\VisualScripting.Core\Dependencies\DotNetZip\Unity.VisualScripting.IonicZip.dll
Native extension for WindowsStandalone target not found
Native extension for WebGL target not found
Refreshing native plugins compatible for Editor in 0.88 ms, found 4 plugins.
Preloading 0 native plugins for Editor in 0.00 ms.
Mono: successfully reloaded assembly
- Completed reload, in  0.832 seconds
Domain Reload Profiling:
	ReloadAssembly (832ms)
		BeginReloadAssembly (107ms)
			ExecutionOrderSort (0ms)
			DisableScriptedObjects (6ms)
			BackupInstance (0ms)
			ReleaseScriptingObjects (0ms)
			CreateAndSetChildDomain (33ms)
		EndReloadAssembly (641ms)
			LoadAssemblies (63ms)
			RebuildTransferFunctionScriptingTraits (0ms)
			SetupTypeCache (192ms)
			ReleaseScriptCaches (1ms)
			RebuildScriptCaches (39ms)
			SetupLoadedEditorAssemblies (298ms)
				LogAssemblyErrors (0ms)
				InitializePlatformSupportModulesInManaged (11ms)
				SetLoadedEditorAssemblies (0ms)
				RefreshPlugins (1ms)
				BeforeProcessingInitializeOnLoad (64ms)
				ProcessInitializeOnLoadAttributes (178ms)
				ProcessInitializeOnLoadMethodAttributes (41ms)
				AfterProcessingInitializeOnLoad (2ms)
				EditorAssembliesLoaded (0ms)
			ExecutionOrderSort2 (0ms)
			AwakeInstancesAfterBackupRestoration (8ms)
Platform modules already initialized, skipping
Refreshing native plugins compatible for Editor in 1.78 ms, found 4 plugins.
Preloading 0 native plugins for Editor in 0.00 ms.
Unloading 4077 Unused Serialized files (Serialized files now loaded: 0)
Unloading 31 unused Assets / (195.6 KB). Loaded Objects now: 4578.
Memory consumption went from 157.0 MB to 156.8 MB.
Total: 2.848100 ms (FindLiveObjects: 0.248500 ms CreateObjectMapping: 0.099300 ms MarkObjects: 2.368700 ms  DeleteObjects: 0.130700 ms)

AssetImportParameters requested are different than current active one (requested -> active):
  custom:video-decoder-ogg-theora: a1e56fd34408186e4bbccfd4996cb3dc -> 
  custom:container-muxer-webm: aa71ff27fc2769a1b78a27578f13a17b -> 
  custom:container-demuxer-webm: 4f35f7cbe854078d1ac9338744f61a02 -> 
  custom:video-encoder-webm-vp8: eb34c28f22e8b96e1ab97ce403110664 -> 
  custom:audio-encoder-webm-vorbis: bf7c407c2cedff20999df2af8eb42d56 -> 
  custom:framework-win-MediaFoundation: 216162199b28c13a410421893ffa2e32 -> 
  custom:container-demuxer-ogg: 62fdf1f143b41e24485cea50d1cbac27 -> 
  custom:video-decoder-webm-vp8: 9c59270c3fd7afecdb556c50c9e8de78 -> 
  custom:audio-decoder-ogg-vorbis: bf7c407c2cedff20999df2af8eb42d56 -> 
========================================================================
Received Prepare
Registering precompiled user dll's ...
Registered in 0.005496 seconds.
Begin MonoManager ReloadAssembly
Symbol file LoadedFromMemory doesn't match image D:\Unity Projects\Pong\Library\PackageCache\com.unity.visualscripting@1.7.8\Editor\VisualScripting.Core\Dependencies\YamlDotNet\Unity.VisualScripting.YamlDotNet.dll
Symbol file LoadedFromMemory doesn't match image D:\Unity Projects\Pong\Library\PackageCache\com.unity.visualscripting@1.7.8\Editor\VisualScripting.Core\Dependencies\DotNetZip\Unity.VisualScripting.IonicZip.dll
Native extension for WindowsStandalone target not found
Native extension for WebGL target not found
Refreshing native plugins compatible for Editor in 0.68 ms, found 4 plugins.
Preloading 0 native plugins for Editor in 0.00 ms.
Mono: successfully reloaded assembly
- Completed reload, in  0.834 seconds
Domain Reload Profiling:
	ReloadAssembly (835ms)
		BeginReloadAssembly (99ms)
			ExecutionOrderSort (0ms)
			DisableScriptedObjects (6ms)
			BackupInstance (0ms)
			ReleaseScriptingObjects (0ms)
			CreateAndSetChildDomain (33ms)
		EndReloadAssembly (666ms)
			LoadAssemblies (60ms)
			RebuildTransferFunctionScriptingTraits (0ms)
			SetupTypeCache (176ms)
			ReleaseScriptCaches (1ms)
			RebuildScriptCaches (57ms)
			SetupLoadedEditorAssemblies (313ms)
				LogAssemblyErrors (0ms)
				InitializePlatformSupportModulesInManaged (12ms)
				SetLoadedEditorAssemblies (0ms)
				RefreshPlugins (1ms)
				BeforeProcessingInitializeOnLoad (66ms)
				ProcessInitializeOnLoadAttributes (189ms)
				ProcessInitializeOnLoadMethodAttributes (40ms)
				AfterProcessingInitializeOnLoad (4ms)
				EditorAssembliesLoaded (0ms)
			ExecutionOrderSort2 (0ms)
			AwakeInstancesAfterBackupRestoration (8ms)
Platform modules already initialized, skipping
Refreshing native plugins compatible for Editor in 1.96 ms, found 4 plugins.
Preloading 0 native plugins for Editor in 0.00 ms.
Unloading 4077 Unused Serialized files (Serialized files now loaded: 0)
Unloading 31 unused Assets / (195.7 KB). Loaded Objects now: 4581.
Memory consumption went from 157.0 MB to 156.9 MB.
Total: 3.220300 ms (FindLiveObjects: 0.271100 ms CreateObjectMapping: 0.160300 ms MarkObjects: 2.637000 ms  DeleteObjects: 0.150800 ms)

AssetImportParameters requested are different than current active one (requested -> active):
  custom:video-decoder-ogg-theora: a1e56fd34408186e4bbccfd4996cb3dc -> 
  custom:container-muxer-webm: aa71ff27fc2769a1b78a27578f13a17b -> 
  custom:container-demuxer-webm: 4f35f7cbe854078d1ac9338744f61a02 -> 
  custom:video-encoder-webm-vp8: eb34c28f22e8b96e1ab97ce403110664 -> 
  custom:audio-encoder-webm-vorbis: bf7c407c2cedff20999df2af8eb42d56 -> 
  custom:framework-win-MediaFoundation: 216162199b28c13a410421893ffa2e32 -> 
  custom:container-demuxer-ogg: 62fdf1f143b41e24485cea50d1cbac27 -> 
  custom:video-decoder-webm-vp8: 9c59270c3fd7afecdb556c50c9e8de78 -> 
  custom:audio-decoder-ogg-vorbis: bf7c407c2cedff20999df2af8eb42d56 -> 
